  ChangeDispenser.cpp
c:\users\ukmtay\desktop\apprenticeship and training and personal projects\vending machine new - 09.jan.18\vending machine\vending machine\transaction.h(6): warning C4584: 'Transaction': base-class 'Money' is already a base-class of 'Product'
  c:\users\ukmtay\desktop\apprenticeship and training and personal projects\vending machine new - 09.jan.18\vending machine\vending machine\money.h(3): note: see declaration of 'Money'
  c:\users\ukmtay\desktop\apprenticeship and training and personal projects\vending machine new - 09.jan.18\vending machine\vending machine\product.h(5): note: see declaration of 'Product'
  Generating Code...
  Compiling...
  TransactionStore.cpp
c:\users\ukmtay\desktop\apprenticeship and training and personal projects\vending machine new - 09.jan.18\vending machine\vending machine\transaction.h(6): warning C4584: 'Transaction': base-class 'Money' is already a base-class of 'Product'
  c:\users\ukmtay\desktop\apprenticeship and training and personal projects\vending machine new - 09.jan.18\vending machine\vending machine\money.h(3): note: see declaration of 'Money'
  c:\users\ukmtay\desktop\apprenticeship and training and personal projects\vending machine new - 09.jan.18\vending machine\vending machine\product.h(5): note: see declaration of 'Product'
  Transaction.cpp
c:\users\ukmtay\desktop\apprenticeship and training and personal projects\vending machine new - 09.jan.18\vending machine\vending machine\transaction.h(6): warning C4584: 'Transaction': base-class 'Money' is already a base-class of 'Product'
  c:\users\ukmtay\desktop\apprenticeship and training and personal projects\vending machine new - 09.jan.18\vending machine\vending machine\money.h(3): note: see declaration of 'Money'
  c:\users\ukmtay\desktop\apprenticeship and training and personal projects\vending machine new - 09.jan.18\vending machine\vending machine\product.h(5): note: see declaration of 'Product'
  ReceiptPrint.cpp
c:\users\ukmtay\desktop\apprenticeship and training and personal projects\vending machine new - 09.jan.18\vending machine\vending machine\transaction.h(6): warning C4584: 'Transaction': base-class 'Money' is already a base-class of 'Product'
  c:\users\ukmtay\desktop\apprenticeship and training and personal projects\vending machine new - 09.jan.18\vending machine\vending machine\money.h(3): note: see declaration of 'Money'
  c:\users\ukmtay\desktop\apprenticeship and training and personal projects\vending machine new - 09.jan.18\vending machine\vending machine\product.h(5): note: see declaration of 'Product'
  ProductDispenser.cpp
c:\users\ukmtay\desktop\apprenticeship and training and personal projects\vending machine new - 09.jan.18\vending machine\vending machine\transaction.h(6): warning C4584: 'Transaction': base-class 'Money' is already a base-class of 'Product'
  c:\users\ukmtay\desktop\apprenticeship and training and personal projects\vending machine new - 09.jan.18\vending machine\vending machine\money.h(3): note: see declaration of 'Money'
  c:\users\ukmtay\desktop\apprenticeship and training and personal projects\vending machine new - 09.jan.18\vending machine\vending machine\product.h(5): note: see declaration of 'Product'
  Generating Code...
  Vending Machine.vcxproj -> C:\Users\ukmtay\Desktop\Apprenticeship and Training and Personal Projects\Vending Machine New - 09.Jan.18\Vending Machine\Debug\Vending Machine.exe
